::1 - - [27/Oct/2025 21:18:34] "GET / HTTP/1.1" 200 -
::1 - - [27/Oct/2025 21:18:38] "GET /login.html HTTP/1.1" 304 -
::1 - - [27/Oct/2025 21:18:41] "GET /dashboard.html HTTP/1.1" 304 -
::1 - - [27/Oct/2025 21:18:41] "GET /dashboard.css HTTP/1.1" 200 -
::1 - - [27/Oct/2025 21:18:41] "GET /dashboard.js HTTP/1.1" 200 -
::1 - - [27/Oct/2025 21:58:51] "GET /dashboard.html HTTP/1.1" 304 -
::1 - - [27/Oct/2025 21:58:51] "GET /dashboard.css HTTP/1.1" 304 -
::1 - - [27/Oct/2025 21:58:51] "GET /dashboard.js HTTP/1.1" 304 -
::1 - - [27/Oct/2025 22:20:39] "GET / HTTP/1.1" 200 -
::1 - - [27/Oct/2025 22:22:26] code 404, message File not found
::1 - - [27/Oct/2025 22:22:26] "GET /favicon.ico HTTP/1.1" 404 -
::1 - - [27/Oct/2025 22:26:15] "GET /index.html HTTP/1.1" 304 -
::1 - - [27/Oct/2025 22:26:41] "GET /index.html HTTP/1.1" 304 -
::1 - - [27/Oct/2025 22:32:04] "GET /index.html HTTP/1.1" 304 -
::1 - - [27/Oct/2025 22:50:39] "GET /index.html HTTP/1.1" 304 -
::1 - - [27/Oct/2025 22:57:22] "GET /dashboard.html HTTP/1.1" 304 -
::1 - - [27/Oct/2025 22:57:23] "GET /dashboard.css HTTP/1.1" 304 -
::1 - - [27/Oct/2025 22:57:23] "GET /dashboard.js HTTP/1.1" 304 -
::1 - - [27/Oct/2025 23:11:04] "GET /index.html HTTP/1.1" 304 -
::1 - - [27/Oct/2025 23:30:01] "GET /index.html HTTP/1.1" 304 -
::1 - - [27/Oct/2025 23:30:02] "GET /index.html HTTP/1.1" 304 -
::1 - - [27/Oct/2025 23:32:35] "GET /index.html HTTP/1.1" 304 -
::1 - - [27/Oct/2025 23:58:02] "GET /dashboard.html HTTP/1.1" 304 -
::1 - - [27/Oct/2025 23:58:02] "GET /dashboard.css HTTP/1.1" 304 -
::1 - - [27/Oct/2025 23:58:02] "GET /dashboard.js HTTP/1.1" 304 -
::1 - - [28/Oct/2025 00:53:33] "GET /dashboard.html HTTP/1.1" 304 -
::1 - - [28/Oct/2025 00:53:33] "GET /dashboard.css HTTP/1.1" 304 -
::1 - - [28/Oct/2025 00:53:33] "GET /dashboard.js HTTP/1.1" 304 -
::1 - - [28/Oct/2025 00:55:34] "HEAD /dashboard.html HTTP/1.1" 200 -
::1 - - [28/Oct/2025 00:57:47] "GET /settings.html HTTP/1.1" 304 -
::1 - - [28/Oct/2025 00:57:53] "HEAD /dashboard.html HTTP/1.1" 200 -
::1 - - [28/Oct/2025 00:58:36] "GET /styles.css HTTP/1.1" 304 -
::1 - - [28/Oct/2025 00:58:37] "GET /hero-video.mp4 HTTP/1.1" 304 -
::1 - - [28/Oct/2025 01:02:41] "HEAD /settings.html HTTP/1.1" 200 -
::1 - - [28/Oct/2025 01:11:19] "HEAD /settings.html HTTP/1.1" 200 -
::1 - - [28/Oct/2025 01:11:48] "GET /settings.html HTTP/1.1" 200 -
::1 - - [28/Oct/2025 01:11:48] "GET /settings.js HTTP/1.1" 200 -
::1 - - [28/Oct/2025 01:11:54] "GET /settings.html HTTP/1.1" 304 -
::1 - - [28/Oct/2025 01:11:54] "GET /settings.js HTTP/1.1" 304 -
::1 - - [28/Oct/2025 01:12:16] "GET /settings.html HTTP/1.1" 200 -
::1 - - [28/Oct/2025 01:12:16] "GET /settings.js HTTP/1.1" 304 -
::1 - - [28/Oct/2025 01:12:35] "GET /settings.html HTTP/1.1" 200 -
::1 - - [28/Oct/2025 01:12:35] "GET /settings.js HTTP/1.1" 304 -
::1 - - [28/Oct/2025 01:13:25] "HEAD /settings.html HTTP/1.1" 200 -
::1 - - [28/Oct/2025 01:13:34] "GET /settings.html HTTP/1.1" 200 -
::1 - - [28/Oct/2025 01:13:35] "GET /settings.js HTTP/1.1" 200 -
::1 - - [28/Oct/2025 01:13:43] "GET /settings.html HTTP/1.1" 200 -
::1 - - [28/Oct/2025 01:13:43] "GET /settings.js HTTP/1.1" 200 -
::1 - - [28/Oct/2025 01:13:47] "GET /settings.html HTTP/1.1" 304 -
::1 - - [28/Oct/2025 01:13:47] "GET /settings.js HTTP/1.1" 304 -
::1 - - [28/Oct/2025 01:14:00] "GET /settings.html HTTP/1.1" 304 -
::1 - - [28/Oct/2025 01:14:01] "GET /settings.js HTTP/1.1" 304 -
::1 - - [28/Oct/2025 01:14:39] "GET /settings.html HTTP/1.1" 304 -
::1 - - [28/Oct/2025 01:14:39] "GET /settings.js HTTP/1.1" 304 -
::1 - - [28/Oct/2025 01:15:21] "GET /settings.html HTTP/1.1" 200 -
::1 - - [28/Oct/2025 01:15:21] "GET /settings.js HTTP/1.1" 304 -
::1 - - [28/Oct/2025 01:16:08] "GET /settings.html HTTP/1.1" 304 -
::1 - - [28/Oct/2025 01:16:08] "GET /settings.js HTTP/1.1" 200 -
::1 - - [28/Oct/2025 01:16:45] "GET /settings.html HTTP/1.1" 304 -
::1 - - [28/Oct/2025 01:16:45] "GET /settings.js HTTP/1.1" 200 -
::1 - - [28/Oct/2025 01:16:51] "HEAD /settings.html HTTP/1.1" 200 -
::1 - - [28/Oct/2025 01:17:26] "GET /settings.html HTTP/1.1" 304 -
::1 - - [28/Oct/2025 01:17:26] "GET /settings.js HTTP/1.1" 304 -
::1 - - [28/Oct/2025 01:17:43] "GET /settings.html HTTP/1.1" 200 -
::1 - - [28/Oct/2025 01:17:43] "GET /settings.js HTTP/1.1" 200 -
::1 - - [28/Oct/2025 01:18:17] "GET /settings.html HTTP/1.1" 304 -
::1 - - [28/Oct/2025 01:18:17] "GET /settings.js HTTP/1.1" 304 -
::1 - - [28/Oct/2025 01:22:40] "HEAD /settings.html HTTP/1.1" 200 -
::1 - - [28/Oct/2025 01:23:43] "GET /settings.html HTTP/1.1" 200 -
::1 - - [28/Oct/2025 01:23:43] "GET /settings.js HTTP/1.1" 200 -
::1 - - [28/Oct/2025 01:26:10] "HEAD /settings.html HTTP/1.1" 200 -
::1 - - [28/Oct/2025 01:26:34] "GET /settings.html HTTP/1.1" 200 -
::1 - - [28/Oct/2025 01:26:34] "GET /settings.js HTTP/1.1" 304 -
::1 - - [28/Oct/2025 01:26:46] "GET /settings.html HTTP/1.1" 304 -
::1 - - [28/Oct/2025 01:29:25] "GET /settings.html HTTP/1.1" 200 -
::1 - - [28/Oct/2025 01:29:42] "GET /settings.html HTTP/1.1" 200 -
::1 - - [28/Oct/2025 01:29:43] "GET /settings.js HTTP/1.1" 304 -
::1 - - [28/Oct/2025 01:32:32] "GET /settings.html HTTP/1.1" 200 -
::1 - - [28/Oct/2025 01:32:47] "GET /settings.html HTTP/1.1" 200 -
::1 - - [28/Oct/2025 01:32:47] "GET /settings.js HTTP/1.1" 304 -
::1 - - [28/Oct/2025 01:33:04] "GET /settings.html HTTP/1.1" 304 -
::1 - - [28/Oct/2025 09:05:34] "GET /settings.html HTTP/1.1" 304 -
::1 - - [28/Oct/2025 09:09:41] code 404, message File not found
::1 - - [28/Oct/2025 09:09:41] "GET /api/user-info HTTP/1.1" 404 -
::1 - - [28/Oct/2025 09:09:47] code 404, message File not found
::1 - - [28/Oct/2025 09:09:47] "GET /api/figma/import?page=dashboard HTTP/1.1" 404 -
::1 - - [28/Oct/2025 09:09:51] code 404, message File not found
::1 - - [28/Oct/2025 09:09:51] "GET /api/figma/import?page=dashboard HTTP/1.1" 404 -
::1 - - [28/Oct/2025 09:25:13] "GET /settings.html HTTP/1.1" 304 -
::1 - - [28/Oct/2025 09:25:18] "GET /dashboard.css HTTP/1.1" 200 -
::1 - - [28/Oct/2025 09:25:18] "GET /settings.js HTTP/1.1" 304 -
::1 - - [28/Oct/2025 09:26:09] "GET /dashboard.css HTTP/1.1" 200 -
::1 - - [28/Oct/2025 09:26:09] "GET /settings.js HTTP/1.1" 200 -
::1 - - [28/Oct/2025 10:27:53] "GET /index.html HTTP/1.1" 304 -
::1 - - [28/Oct/2025 10:27:56] "GET /login.html HTTP/1.1" 304 -
::1 - - [28/Oct/2025 10:28:00] "GET /dashboard.html HTTP/1.1" 200 -
::1 - - [28/Oct/2025 10:28:00] "GET /dashboard.css HTTP/1.1" 304 -
::1 - - [28/Oct/2025 10:28:01] "GET /dashboard.js HTTP/1.1" 200 -
::1 - - [28/Oct/2025 10:28:16] "GET /settings.html HTTP/1.1" 304 -
::1 - - [28/Oct/2025 10:28:16] "GET /settings.js HTTP/1.1" 304 -
::1 - - [28/Oct/2025 10:31:57] "GET /settings.html HTTP/1.1" 304 -
::1 - - [28/Oct/2025 11:14:19] "GET / HTTP/1.1" 304 -
::1 - - [28/Oct/2025 11:14:20] "GET /styles.css HTTP/1.1" 304 -
::1 - - [28/Oct/2025 11:14:21] "GET /hero-video.mp4 HTTP/1.1" 304 -
::1 - - [28/Oct/2025 15:33:19] code 404, message File not found
::1 - - [28/Oct/2025 15:33:19] "GET /favicon.ico HTTP/1.1" 404 -
::1 - - [28/Oct/2025 15:33:43] "GET /dashboard.html HTTP/1.1" 304 -
::1 - - [28/Oct/2025 15:33:44] "GET /dashboard.css HTTP/1.1" 304 -
::1 - - [28/Oct/2025 15:33:44] "GET /calendar.js HTTP/1.1" 304 -
::1 - - [28/Oct/2025 15:33:44] "GET /calendar.css HTTP/1.1" 304 -
::1 - - [28/Oct/2025 15:33:44] "GET /dashboard.js HTTP/1.1" 304 -
::1 - - [28/Oct/2025 15:35:08] code 404, message File not found
::1 - - [28/Oct/2025 15:35:08] "GET /oauth/callback/instagram HTTP/1.1" 404 -
::1 - - [28/Oct/2025 15:39:15] "GET /settings.html HTTP/1.1" 304 -
::1 - - [28/Oct/2025 15:39:15] "GET /settings.js HTTP/1.1" 304 -
::1 - - [28/Oct/2025 15:44:59] code 404, message File not found
::1 - - [28/Oct/2025 15:44:59] "GET /api/social/connect HTTP/1.1" 404 -
::1 - - [28/Oct/2025 15:46:54] code 501, message Unsupported method ('POST')
::1 - - [28/Oct/2025 15:46:54] "POST /api/social/connect HTTP/1.1" 501 -
::1 - - [28/Oct/2025 15:47:07] code 501, message Unsupported method ('POST')
::1 - - [28/Oct/2025 15:47:07] "POST /api/social/connect HTTP/1.1" 501 -
::1 - - [28/Oct/2025 15:55:21] code 404, message File not found
::1 - - [28/Oct/2025 15:55:21] "GET /api/social/connect HTTP/1.1" 404 -
::1 - - [28/Oct/2025 15:56:02] code 404, message File not found
::1 - - [28/Oct/2025 15:56:02] "GET /api/social/connect HTTP/1.1" 404 -
::1 - - [28/Oct/2025 16:03:20] code 404, message File not found
::1 - - [28/Oct/2025 16:03:20] "GET /api/social/connect HTTP/1.1" 404 -
::1 - - [28/Oct/2025 16:04:10] code 404, message File not found
::1 - - [28/Oct/2025 16:04:10] "GET /api/social/connect HTTP/1.1" 404 -
::1 - - [28/Oct/2025 22:26:25] "GET / HTTP/1.1" 200 -
::1 - - [28/Oct/2025 22:26:25] "GET /styles.css HTTP/1.1" 200 -
::1 - - [28/Oct/2025 22:26:25] "GET /script.js HTTP/1.1" 304 -
::1 - - [28/Oct/2025 22:26:29] "GET /hero-video.mp4 HTTP/1.1" 304 -
::1 - - [28/Oct/2025 22:26:29] code 404, message File not found
::1 - - [28/Oct/2025 22:26:29] "GET /favicon.ico HTTP/1.1" 404 -
::1 - - [28/Oct/2025 22:35:50] "GET / HTTP/1.1" 200 -
::1 - - [28/Oct/2025 22:36:34] "GET / HTTP/1.1" 304 -
::1 - - [29/Oct/2025 09:34:11] "GET / HTTP/1.1" 304 -
::1 - - [29/Oct/2025 09:34:15] "GET /styles.css HTTP/1.1" 304 -
::1 - - [29/Oct/2025 09:34:59] code 404, message File not found
::1 - - [29/Oct/2025 09:35:00] "GET /favicon.ico HTTP/1.1" 404 -
::1 - - [29/Oct/2025 09:41:00] "GET / HTTP/1.1" 200 -
::1 - - [29/Oct/2025 09:41:35] "GET / HTTP/1.1" 304 -
::1 - - [29/Oct/2025 09:47:20] "GET / HTTP/1.1" 304 -
::1 - - [29/Oct/2025 09:47:36] "GET / HTTP/1.1" 304 -
::1 - - [29/Oct/2025 09:47:37] "GET / HTTP/1.1" 304 -
::1 - - [29/Oct/2025 12:11:31] "GET / HTTP/1.1" 200 -
::1 - - [29/Oct/2025 12:11:32] "GET /hero-video.mp4 HTTP/1.1" 304 -
::1 - - [29/Oct/2025 12:11:32] "GET /styles.css HTTP/1.1" 200 -
::1 - - [29/Oct/2025 12:17:01] "GET /login.html HTTP/1.1" 304 -
::1 - - [29/Oct/2025 12:17:05] "GET /dashboard.html HTTP/1.1" 200 -
::1 - - [29/Oct/2025 12:17:05] "GET /dashboard.css HTTP/1.1" 200 -
::1 - - [29/Oct/2025 12:17:05] "GET /dashboard.js HTTP/1.1" 304 -
::1 - - [29/Oct/2025 12:17:15] "GET /settings.html HTTP/1.1" 200 -
::1 - - [29/Oct/2025 12:17:15] "GET /settings.js HTTP/1.1" 304 -
